# JRE version: OpenJDK Runtime Environment Temurin-21.0.6+7 (21.0.6+7) (build 21.0.6+7-LTS)
# Java VM: OpenJDK 64-Bit Server VM Temurin-21.0.6+7 (21.0.6+7-LTS, mixed mode, sharing, tiered, compressed oops, compressed class ptrs, parallel gc, windows-amd64)
GC Precious Log:
 CardTable entry size: 512
 CPUs: 12 total, 12 available
 Memory: 7886M
 Large Page Support: Disabled
 NUMA Support: Disabled
 Compressed Oops: Enabled (32-bit)
 Alignments: Space 512K, Generation 512K, Heap 2M
 Heap Min Capacity: 100M
 Heap Initial Capacity: 100M
 Heap Max Capacity: 1G
 Pre-touch: Disabled
 Parallel Workers: 10
Heap:
 PSYoungGen      total 3584K, used 3200K [0x00000000eab00000, 0x00000000eaf80000, 0x0000000100000000)
  eden space 2560K, 100% used [0x00000000eab00000,0x00000000ead80000,0x00000000ead80000)
  from space 1024K, 62% used [0x00000000ead80000,0x00000000eae20000,0x00000000eae80000)
  to   space 1024K, 75% used [0x00000000eae80000,0x00000000eaf40000,0x00000000eaf80000)
 ParOldGen       total 261632K, used 261151K [0x00000000c0000000, 0x00000000cff80000, 0x00000000eab00000)
  object space 261632K, 99% used [0x00000000c0000000,0x00000000cff07ce0,0x00000000cff80000)
 Metaspace       used 61177K, committed 62656K, reserved 1114112K
  class space    used 6207K, committed 6912K, reserved 1048576K
GC Heap History (20 events):
Event: 14.876 GC heap before
{Heap before GC invocations=377 (full 3):
 PSYoungGen      total 3584K, used 3349K [0x00000000eab00000, 0x00000000eaf80000, 0x0000000100000000)
  eden space 2560K, 100% used [0x00000000eab00000,0x00000000ead80000,0x00000000ead80000)
  from space 1024K, 77% used [0x00000000ead80000,0x00000000eae45618,0x00000000eae80000)
  to   space 1024K, 0% used [0x00000000eae80000,0x00000000eae80000,0x00000000eaf80000)
 ParOldGen       total 254976K, used 254825K [0x00000000c0000000, 0x00000000cf900000, 0x00000000eab00000)
  object space 254976K, 99% used [0x00000000c0000000,0x00000000cf8da478,0x00000000cf900000)
 Metaspace       used 61134K, committed 62592K, reserved 1114112K
  class space    used 6207K, committed 6912K, reserved 1048576K
}
Event: 14.878 GC heap after
{Heap after GC invocations=377 (full 3):
 PSYoungGen      total 3584K, used 728K [0x00000000eab00000, 0x00000000eaf80000, 0x0000000100000000)
  eden space 2560K, 0% used [0x00000000eab00000,0x00000000eab00000,0x00000000ead80000)
  from space 1024K, 71% used [0x00000000eae80000,0x00000000eaf362f8,0x00000000eaf80000)
  to   space 1024K, 0% used [0x00000000ead80000,0x00000000ead80000,0x00000000eae80000)
 ParOldGen       total 255488K, used 255437K [0x00000000c0000000, 0x00000000cf980000, 0x00000000eab00000)
  object space 255488K, 99% used [0x00000000c0000000,0x00000000cf973438,0x00000000cf980000)
 Metaspace       used 61134K, committed 62592K, reserved 1114112K
  class space    used 6207K, committed 6912K, reserved 1048576K
}
Event: 14.885 GC heap before
{Heap before GC invocations=378 (full 3):
 PSYoungGen      total 3584K, used 3288K [0x00000000eab00000, 0x00000000eaf80000, 0x0000000100000000)
  eden space 2560K, 100% used [0x00000000eab00000,0x00000000ead80000,0x00000000ead80000)
  from space 1024K, 71% used [0x00000000eae80000,0x00000000eaf362f8,0x00000000eaf80000)
  to   space 1024K, 0% used [0x00000000ead80000,0x00000000ead80000,0x00000000eae80000)
 ParOldGen       total 255488K, used 255437K [0x00000000c0000000, 0x00000000cf980000, 0x00000000eab00000)
  object space 255488K, 99% used [0x00000000c0000000,0x00000000cf973438,0x00000000cf980000)
 Metaspace       used 61134K, committed 62592K, reserved 1114112K
  class space    used 6207K, committed 6912K, reserved 1048576K
}
Event: 14.887 GC heap after
{Heap after GC invocations=378 (full 3):
 PSYoungGen      total 3584K, used 728K [0x00000000eab00000, 0x00000000eaf80000, 0x0000000100000000)
  eden space 2560K, 0% used [0x00000000eab00000,0x00000000eab00000,0x00000000ead80000)
  from space 1024K, 71% used [0x00000000ead80000,0x00000000eae361c0,0x00000000eae80000)
  to   space 1024K, 0% used [0x00000000eae80000,0x00000000eae80000,0x00000000eaf80000)
 ParOldGen       total 256512K, used 256067K [0x00000000c0000000, 0x00000000cfa80000, 0x00000000eab00000)
  object space 256512K, 99% used [0x00000000c0000000,0x00000000cfa10cc0,0x00000000cfa80000)
 Metaspace       used 61134K, committed 62592K, reserved 1114112K
  class space    used 6207K, committed 6912K, reserved 1048576K
}
Event: 14.899 GC heap before
{Heap before GC invocations=379 (full 3):
 PSYoungGen      total 3584K, used 3288K [0x00000000eab00000, 0x00000000eaf80000, 0x0000000100000000)
  eden space 2560K, 100% used [0x00000000eab00000,0x00000000ead80000,0x00000000ead80000)
  from space 1024K, 71% used [0x00000000ead80000,0x00000000eae361c0,0x00000000eae80000)
  to   space 1024K, 0% used [0x00000000eae80000,0x00000000eae80000,0x00000000eaf80000)
 ParOldGen       total 256512K, used 256067K [0x00000000c0000000, 0x00000000cfa80000, 0x00000000eab00000)
  object space 256512K, 99% used [0x00000000c0000000,0x00000000cfa10cc0,0x00000000cfa80000)
 Metaspace       used 61134K, committed 62592K, reserved 1114112K
  class space    used 6207K, committed 6912K, reserved 1048576K
}
Event: 14.901 GC heap after
{Heap after GC invocations=379 (full 3):
 PSYoungGen      total 3584K, used 647K [0x00000000eab00000, 0x00000000eaf80000, 0x0000000100000000)
  eden space 2560K, 0% used [0x00000000eab00000,0x00000000eab00000,0x00000000ead80000)
  from space 1024K, 63% used [0x00000000eae80000,0x00000000eaf21cf8,0x00000000eaf80000)
  to   space 1024K, 0% used [0x00000000ead80000,0x00000000ead80000,0x00000000eae80000)
 ParOldGen       total 257024K, used 256645K [0x00000000c0000000, 0x00000000cfb00000, 0x00000000eab00000)
  object space 257024K, 99% used [0x00000000c0000000,0x00000000cfaa1730,0x00000000cfb00000)
 Metaspace       used 61134K, committed 62592K, reserved 1114112K
  class space    used 6207K, committed 6912K, reserved 1048576K
}
Event: 14.913 GC heap before
{Heap before GC invocations=380 (full 3):
 PSYoungGen      total 3584K, used 3207K [0x00000000eab00000, 0x00000000eaf80000, 0x0000000100000000)
  eden space 2560K, 100% used [0x00000000eab00000,0x00000000ead80000,0x00000000ead80000)
  from space 1024K, 63% used [0x00000000eae80000,0x00000000eaf21cf8,0x00000000eaf80000)
  to   space 1024K, 0% used [0x00000000ead80000,0x00000000ead80000,0x00000000eae80000)
 ParOldGen       total 257024K, used 256645K [0x00000000c0000000, 0x00000000cfb00000, 0x00000000eab00000)
  object space 257024K, 99% used [0x00000000c0000000,0x00000000cfaa1730,0x00000000cfb00000)
 Metaspace       used 61134K, committed 62592K, reserved 1114112K
  class space    used 6207K, committed 6912K, reserved 1048576K
}
Event: 14.915 GC heap after
{Heap after GC invocations=380 (full 3):
 PSYoungGen      total 3584K, used 721K [0x00000000eab00000, 0x00000000eaf80000, 0x0000000100000000)
  eden space 2560K, 0% used [0x00000000eab00000,0x00000000eab00000,0x00000000ead80000)
  from space 1024K, 70% used [0x00000000ead80000,0x00000000eae347e0,0x00000000eae80000)
  to   space 1024K, 0% used [0x00000000eae80000,0x00000000eae80000,0x00000000eaf80000)
 ParOldGen       total 257536K, used 257212K [0x00000000c0000000, 0x00000000cfb80000, 0x00000000eab00000)
  object space 257536K, 99% used [0x00000000c0000000,0x00000000cfb2f1e8,0x00000000cfb80000)
 Metaspace       used 61134K, committed 62592K, reserved 1114112K
  class space    used 6207K, committed 6912K, reserved 1048576K
}
Event: 14.929 GC heap before
{Heap before GC invocations=381 (full 3):
 PSYoungGen      total 3584K, used 3281K [0x00000000eab00000, 0x00000000eaf80000, 0x0000000100000000)
  eden space 2560K, 100% used [0x00000000eab00000,0x00000000ead80000,0x00000000ead80000)
  from space 1024K, 70% used [0x00000000ead80000,0x00000000eae347e0,0x00000000eae80000)
  to   space 1024K, 0% used [0x00000000eae80000,0x00000000eae80000,0x00000000eaf80000)
 ParOldGen       total 257536K, used 257212K [0x00000000c0000000, 0x00000000cfb80000, 0x00000000eab00000)
  object space 257536K, 99% used [0x00000000c0000000,0x00000000cfb2f1e8,0x00000000cfb80000)
 Metaspace       used 61134K, committed 62592K, reserved 1114112K
  class space    used 6207K, committed 6912K, reserved 1048576K
}
Event: 14.930 GC heap after
{Heap after GC invocations=381 (full 3):
 PSYoungGen      total 3584K, used 689K [0x00000000eab00000, 0x00000000eaf80000, 0x0000000100000000)
  eden space 2560K, 0% used [0x00000000eab00000,0x00000000eab00000,0x00000000ead80000)
  from space 1024K, 67% used [0x00000000eae80000,0x00000000eaf2c4e8,0x00000000eaf80000)
  to   space 1024K, 0% used [0x00000000ead80000,0x00000000ead80000,0x00000000eae80000)
 ParOldGen       total 258048K, used 257813K [0x00000000c0000000, 0x00000000cfc00000, 0x00000000eab00000)
  object space 258048K, 99% used [0x00000000c0000000,0x00000000cfbc5758,0x00000000cfc00000)
 Metaspace       used 61134K, committed 62592K, reserved 1114112K
  class space    used 6207K, committed 6912K, reserved 1048576K
}
Event: 14.942 GC heap before
{Heap before GC invocations=382 (full 3):
 PSYoungGen      total 3584K, used 3248K [0x00000000eab00000, 0x00000000eaf80000, 0x0000000100000000)
  eden space 2560K, 99% used [0x00000000eab00000,0x00000000ead7feb0,0x00000000ead80000)
  from space 1024K, 67% used [0x00000000eae80000,0x00000000eaf2c4e8,0x00000000eaf80000)
  to   space 1024K, 0% used [0x00000000ead80000,0x00000000ead80000,0x00000000eae80000)
 ParOldGen       total 258048K, used 257813K [0x00000000c0000000, 0x00000000cfc00000, 0x00000000eab00000)
  object space 258048K, 99% used [0x00000000c0000000,0x00000000cfbc5758,0x00000000cfc00000)
 Metaspace       used 61134K, committed 62592K, reserved 1114112K
  class space    used 6207K, committed 6912K, reserved 1048576K
}
Event: 14.943 GC heap after
{Heap after GC invocations=382 (full 3):
 PSYoungGen      total 3584K, used 679K [0x00000000eab00000, 0x00000000eaf80000, 0x0000000100000000)
  eden space 2560K, 0% used [0x00000000eab00000,0x00000000eab00000,0x00000000ead80000)
  from space 1024K, 66% used [0x00000000ead80000,0x00000000eae29e78,0x00000000eae80000)
  to   space 1024K, 0% used [0x00000000eae80000,0x00000000eae80000,0x00000000eaf80000)
 ParOldGen       total 258560K, used 258414K [0x00000000c0000000, 0x00000000cfc80000, 0x00000000eab00000)
  object space 258560K, 99% used [0x00000000c0000000,0x00000000cfc5ba08,0x00000000cfc80000)
 Metaspace       used 61134K, committed 62592K, reserved 1114112K
  class space    used 6207K, committed 6912K, reserved 1048576K
}
Event: 14.960 GC heap before
{Heap before GC invocations=383 (full 3):
 PSYoungGen      total 3584K, used 3235K [0x00000000eab00000, 0x00000000eaf80000, 0x0000000100000000)
  eden space 2560K, 99% used [0x00000000eab00000,0x00000000ead7f050,0x00000000ead80000)
  from space 1024K, 66% used [0x00000000ead80000,0x00000000eae29e78,0x00000000eae80000)
  to   space 1024K, 0% used [0x00000000eae80000,0x00000000eae80000,0x00000000eaf80000)
 ParOldGen       total 258560K, used 258414K [0x00000000c0000000, 0x00000000cfc80000, 0x00000000eab00000)
  object space 258560K, 99% used [0x00000000c0000000,0x00000000cfc5ba08,0x00000000cfc80000)
 Metaspace       used 61136K, committed 62592K, reserved 1114112K
  class space    used 6207K, committed 6912K, reserved 1048576K
}
Event: 14.962 GC heap after
{Heap after GC invocations=383 (full 3):
 PSYoungGen      total 3584K, used 736K [0x00000000eab00000, 0x00000000eaf80000, 0x0000000100000000)
  eden space 2560K, 0% used [0x00000000eab00000,0x00000000eab00000,0x00000000ead80000)
  from space 1024K, 71% used [0x00000000eae80000,0x00000000eaf38000,0x00000000eaf80000)
  to   space 1024K, 0% used [0x00000000ead80000,0x00000000ead80000,0x00000000eae80000)
 ParOldGen       total 259072K, used 258987K [0x00000000c0000000, 0x00000000cfd00000, 0x00000000eab00000)
  object space 259072K, 99% used [0x00000000c0000000,0x00000000cfcead20,0x00000000cfd00000)
 Metaspace       used 61136K, committed 62592K, reserved 1114112K
  class space    used 6207K, committed 6912K, reserved 1048576K
}
Event: 14.984 GC heap before
{Heap before GC invocations=384 (full 3):
 PSYoungGen      total 3584K, used 3296K [0x00000000eab00000, 0x00000000eaf80000, 0x0000000100000000)
  eden space 2560K, 100% used [0x00000000eab00000,0x00000000ead80000,0x00000000ead80000)
  from space 1024K, 71% used [0x00000000eae80000,0x00000000eaf38000,0x00000000eaf80000)
  to   space 1024K, 0% used [0x00000000ead80000,0x00000000ead80000,0x00000000eae80000)
 ParOldGen       total 259072K, used 258987K [0x00000000c0000000, 0x00000000cfd00000, 0x00000000eab00000)
  object space 259072K, 99% used [0x00000000c0000000,0x00000000cfcead20,0x00000000cfd00000)
 Metaspace       used 61168K, committed 62656K, reserved 1114112K
  class space    used 6207K, committed 6912K, reserved 1048576K
}
Event: 14.985 GC heap after
{Heap after GC invocations=384 (full 3):
 PSYoungGen      total 3584K, used 736K [0x00000000eab00000, 0x00000000eaf80000, 0x0000000100000000)
  eden space 2560K, 0% used [0x00000000eab00000,0x00000000eab00000,0x00000000ead80000)
  from space 1024K, 71% used [0x00000000ead80000,0x00000000eae38000,0x00000000eae80000)
  to   space 1024K, 0% used [0x00000000eae80000,0x00000000eae80000,0x00000000eaf80000)
 ParOldGen       total 259584K, used 259538K [0x00000000c0000000, 0x00000000cfd80000, 0x00000000eab00000)
  object space 259584K, 99% used [0x00000000c0000000,0x00000000cfd74b18,0x00000000cfd80000)
 Metaspace       used 61168K, committed 62656K, reserved 1114112K
  class space    used 6207K, committed 6912K, reserved 1048576K
}
Event: 14.998 GC heap before
{Heap before GC invocations=385 (full 3):
 PSYoungGen      total 3584K, used 3296K [0x00000000eab00000, 0x00000000eaf80000, 0x0000000100000000)
  eden space 2560K, 100% used [0x00000000eab00000,0x00000000ead80000,0x00000000ead80000)
  from space 1024K, 71% used [0x00000000ead80000,0x00000000eae38000,0x00000000eae80000)
  to   space 1024K, 0% used [0x00000000eae80000,0x00000000eae80000,0x00000000eaf80000)
 ParOldGen       total 259584K, used 259538K [0x00000000c0000000, 0x00000000cfd80000, 0x00000000eab00000)
  object space 259584K, 99% used [0x00000000c0000000,0x00000000cfd74b18,0x00000000cfd80000)
 Metaspace       used 61177K, committed 62656K, reserved 1114112K
  class space    used 6207K, committed 6912K, reserved 1048576K
}
Event: 15.000 GC heap after
{Heap after GC invocations=385 (full 3):
 PSYoungGen      total 3584K, used 704K [0x00000000eab00000, 0x00000000eaf80000, 0x0000000100000000)
  eden space 2560K, 0% used [0x00000000eab00000,0x00000000eab00000,0x00000000ead80000)
  from space 1024K, 68% used [0x00000000eae80000,0x00000000eaf30000,0x00000000eaf80000)
  to   space 1024K, 0% used [0x00000000ead80000,0x00000000ead80000,0x00000000eae80000)
 ParOldGen       total 260096K, used 260081K [0x00000000c0000000, 0x00000000cfe00000, 0x00000000eab00000)
  object space 260096K, 99% used [0x00000000c0000000,0x00000000cfdfc680,0x00000000cfe00000)
 Metaspace       used 61177K, committed 62656K, reserved 1114112K
  class space    used 6207K, committed 6912K, reserved 1048576K
}
Event: 15.018 GC heap before
{Heap before GC invocations=386 (full 3):
 PSYoungGen      total 3584K, used 3264K [0x00000000eab00000, 0x00000000eaf80000, 0x0000000100000000)
  eden space 2560K, 100% used [0x00000000eab00000,0x00000000ead80000,0x00000000ead80000)
  from space 1024K, 68% used [0x00000000eae80000,0x00000000eaf30000,0x00000000eaf80000)
  to   space 1024K, 0% used [0x00000000ead80000,0x00000000ead80000,0x00000000eae80000)
 ParOldGen       total 260096K, used 260081K [0x00000000c0000000, 0x00000000cfe00000, 0x00000000eab00000)
  object space 260096K, 99% used [0x00000000c0000000,0x00000000cfdfc680,0x00000000cfe00000)
 Metaspace       used 61177K, committed 62656K, reserved 1114112K
  class space    used 6207K, committed 6912K, reserved 1048576K
}
Event: 15.020 GC heap after
{Heap after GC invocations=386 (full 3):
 PSYoungGen      total 3584K, used 640K [0x00000000eab00000, 0x00000000eaf80000, 0x0000000100000000)
  eden space 2560K, 0% used [0x00000000eab00000,0x00000000eab00000,0x00000000ead80000)
  from space 1024K, 62% used [0x00000000ead80000,0x00000000eae20000,0x00000000eae80000)
  to   space 1024K, 0% used [0x00000000eae80000,0x00000000eae80000,0x00000000eaf80000)
 ParOldGen       total 261120K, used 260647K [0x00000000c0000000, 0x00000000cff00000, 0x00000000eab00000)
  object space 261120K, 99% used [0x00000000c0000000,0x00000000cfe89d40,0x00000000cff00000)
 Metaspace       used 61177K, committed 62656K, reserved 1114112K
  class space    used 6207K, committed 6912K, reserved 1048576K
}

